[2020-12-25 11:06:53] local.ERROR: Illuminate\Routing\Router::loadRoutes(): Failed opening required 'C:\xampp\htdocs\surat\routes/api.php' (include_path='C:\xampp\php\PEAR') {"exception":"[object] (Symfony\\Component\\Debug\\Exception\\FatalErrorException(code: 64): Illuminate\\Routing\\Router::loadRoutes(): Failed opening required 'C:\\xampp\\htdocs\\surat\outes/api.php' (include_path='C:\\xampp\\php\\PEAR') at C:\\xampp\\htdocs\\surat\\vendor\\laravel\\framework\\src\\Illuminate\\Routing\\Router.php:417)
[stacktrace]
#0 {main}
"} 
[2020-12-25 11:20:36] local.ERROR: include(C:\xampp\htdocs\surat\vendor\composer/../symfony/translation/Translator.php): failed to open stream: No such file or directory {"exception":"[object] (ErrorException(code: 0): include(C:\\xampp\\htdocs\\surat\\vendor\\composer/../symfony/translation/Translator.php): failed to open stream: No such file or directory at C:\\xampp\\htdocs\\surat\\vendor\\composer\\ClassLoader.php:444)
[stacktrace]
#0 C:\\xampp\\htdocs\\surat\\vendor\\composer\\ClassLoader.php(444): Illuminate\\Foundation\\Bootstrap\\HandleExceptions->handleError(2, 'include(C:\\\\xamp...', 'C:\\\\xampp\\\\htdocs...', 444, Array)
#1 C:\\xampp\\htdocs\\surat\\vendor\\composer\\ClassLoader.php(444): include()
#2 C:\\xampp\\htdocs\\surat\\vendor\\composer\\ClassLoader.php(322): Composer\\Autoload\\includeFile('C:\\\\xampp\\\\htdocs...')
#3 [internal function]: Composer\\Autoload\\ClassLoader->loadClass('Symfony\\\\Compone...')
#4 C:\\xampp\\htdocs\\surat\\vendor\
esbot\\carbon\\src\\Carbon\\Translator.php(7): spl_autoload_call('Symfony\\\\Compone...')
#5 C:\\xampp\\htdocs\\surat\\vendor\\composer\\ClassLoader.php(444): include('C:\\\\xampp\\\\htdocs...')
#6 C:\\xampp\\htdocs\\surat\\vendor\\composer\\ClassLoader.php(322): Composer\\Autoload\\includeFile('C:\\\\xampp\\\\htdocs...')
#7 [internal function]: Composer\\Autoload\\ClassLoader->loadClass('Carbon\\\\Translat...')
#8 C:\\xampp\\htdocs\\surat\\vendor\
esbot\\carbon\\src\\Carbon\\Carbon.php(1632): spl_autoload_call('Carbon\\\\Translat...')
#9 C:\\xampp\\htdocs\\surat\\vendor\
esbot\\carbon\\src\\Carbon\\Carbon.php(1679): Carbon\\Carbon::translator()
#10 C:\\xampp\\htdocs\\surat\\vendor\
esbot\\carbon\\src\\Carbon\\Laravel\\ServiceProvider.php(29): Carbon\\Carbon::setLocale('en')
#11 C:\\xampp\\htdocs\\surat\\vendor\
esbot\\carbon\\src\\Carbon\\Laravel\\ServiceProvider.php(21): Carbon\\Laravel\\ServiceProvider->updateLocale()
#12 [internal function]: Carbon\\Laravel\\ServiceProvider->boot()
#13 C:\\xampp\\htdocs\\surat\\vendor\\laravel\\framework\\src\\Illuminate\\Container\\BoundMethod.php(29): call_user_func_array(Array, Array)
#14 C:\\xampp\\htdocs\\surat\\vendor\\laravel\\framework\\src\\Illuminate\\Container\\BoundMethod.php(87): Illuminate\\Container\\BoundMethod::Illuminate\\Container\\{closure}()
#15 C:\\xampp\\htdocs\\surat\\vendor\\laravel\\framework\\src\\Illuminate\\Container\\BoundMethod.php(31): Illuminate\\Container\\BoundMethod::callBoundMethod(Object(Illuminate\\Foundation\\Application), Array, Object(Closure))
#16 C:\\xampp\\htdocs\\surat\\vendor\\laravel\\framework\\src\\Illuminate\\Container\\Container.php(572): Illuminate\\Container\\BoundMethod::call(Object(Illuminate\\Foundation\\Application), Array, Array, NULL)
#17 C:\\xampp\\htdocs\\surat\\vendor\\laravel\\framework\\src\\Illuminate\\Foundation\\Application.php(819): Illuminate\\Container\\Container->call(Array)
#18 C:\\xampp\\htdocs\\surat\\vendor\\laravel\\framework\\src\\Illuminate\\Foundation\\Application.php(802): Illuminate\\Foundation\\Application->bootProvider(Object(Carbon\\Laravel\\ServiceProvider))
#19 [internal function]: Illuminate\\Foundation\\Application->Illuminate\\Foundation\\{closure}(Object(Carbon\\Laravel\\ServiceProvider), 18)
#20 C:\\xampp\\htdocs\\surat\\vendor\\laravel\\framework\\src\\Illuminate\\Foundation\\Application.php(803): array_walk(Array, Object(Closure))
#21 C:\\xampp\\htdocs\\surat\\vendor\\laravel\\framework\\src\\Illuminate\\Foundation\\Bootstrap\\BootProviders.php(17): Illuminate\\Foundation\\Application->boot()
#22 C:\\xampp\\htdocs\\surat\\vendor\\laravel\\framework\\src\\Illuminate\\Foundation\\Application.php(211): Illuminate\\Foundation\\Bootstrap\\BootProviders->bootstrap(Object(Illuminate\\Foundation\\Application))
#23 C:\\xampp\\htdocs\\surat\\vendor\\laravel\\framework\\src\\Illuminate\\Foundation\\Console\\Kernel.php(297): Illuminate\\Foundation\\Application->bootstrapWith(Array)
#24 C:\\xampp\\htdocs\\surat\\vendor\\laravel\\framework\\src\\Illuminate\\Foundation\\Console\\Kernel.php(120): Illuminate\\Foundation\\Console\\Kernel->bootstrap()
#25 C:\\xampp\\htdocs\\surat\\artisan(37): Illuminate\\Foundation\\Console\\Kernel->handle(Object(Symfony\\Component\\Console\\Input\\ArgvInput), Object(Symfony\\Component\\Console\\Output\\ConsoleOutput))
#26 {main}
"} 
[2020-12-25 11:20:40] local.ERROR: include(C:\xampp\htdocs\surat\vendor\composer/../symfony/translation/Translator.php): failed to open stream: No such file or directory {"exception":"[object] (ErrorException(code: 0): include(C:\\xampp\\htdocs\\surat\\vendor\\composer/../symfony/translation/Translator.php): failed to open stream: No such file or directory at C:\\xampp\\htdocs\\surat\\vendor\\composer\\ClassLoader.php:444)
[stacktrace]
#0 C:\\xampp\\htdocs\\surat\\vendor\\composer\\ClassLoader.php(444): Illuminate\\Foundation\\Bootstrap\\HandleExceptions->handleError(2, 'include(C:\\\\xamp...', 'C:\\\\xampp\\\\htdocs...', 444, Array)
#1 C:\\xampp\\htdocs\\surat\\vendor\\composer\\ClassLoader.php(444): include()
#2 C:\\xampp\\htdocs\\surat\\vendor\\composer\\ClassLoader.php(322): Composer\\Autoload\\includeFile('C:\\\\xampp\\\\htdocs...')
#3 [internal function]: Composer\\Autoload\\ClassLoader->loadClass('Symfony\\\\Compone...')
#4 C:\\xampp\\htdocs\\surat\\vendor\
esbot\\carbon\\src\\Carbon\\Translator.php(7): spl_autoload_call('Symfony\\\\Compone...')
#5 C:\\xampp\\htdocs\\surat\\vendor\\composer\\ClassLoader.php(444): include('C:\\\\xampp\\\\htdocs...')
#6 C:\\xampp\\htdocs\\surat\\vendor\\composer\\ClassLoader.php(322): Composer\\Autoload\\includeFile('C:\\\\xampp\\\\htdocs...')
#7 [internal function]: Composer\\Autoload\\ClassLoader->loadClass('Carbon\\\\Translat...')
#8 C:\\xampp\\htdocs\\surat\\vendor\
esbot\\carbon\\src\\Carbon\\Carbon.php(1632): spl_autoload_call('Carbon\\\\Translat...')
#9 C:\\xampp\\htdocs\\surat\\vendor\
esbot\\carbon\\src\\Carbon\\Carbon.php(1679): Carbon\\Carbon::translator()
#10 C:\\xampp\\htdocs\\surat\\vendor\
esbot\\carbon\\src\\Carbon\\Laravel\\ServiceProvider.php(29): Carbon\\Carbon::setLocale('en')
#11 C:\\xampp\\htdocs\\surat\\vendor\
esbot\\carbon\\src\\Carbon\\Laravel\\ServiceProvider.php(21): Carbon\\Laravel\\ServiceProvider->updateLocale()
#12 [internal function]: Carbon\\Laravel\\ServiceProvider->boot()
#13 C:\\xampp\\htdocs\\surat\\vendor\\laravel\\framework\\src\\Illuminate\\Container\\BoundMethod.php(29): call_user_func_array(Array, Array)
#14 C:\\xampp\\htdocs\\surat\\vendor\\laravel\\framework\\src\\Illuminate\\Container\\BoundMethod.php(87): Illuminate\\Container\\BoundMethod::Illuminate\\Container\\{closure}()
#15 C:\\xampp\\htdocs\\surat\\vendor\\laravel\\framework\\src\\Illuminate\\Container\\BoundMethod.php(31): Illuminate\\Container\\BoundMethod::callBoundMethod(Object(Illuminate\\Foundation\\Application), Array, Object(Closure))
#16 C:\\xampp\\htdocs\\surat\\vendor\\laravel\\framework\\src\\Illuminate\\Container\\Container.php(572): Illuminate\\Container\\BoundMethod::call(Object(Illuminate\\Foundation\\Application), Array, Array, NULL)
#17 C:\\xampp\\htdocs\\surat\\vendor\\laravel\\framework\\src\\Illuminate\\Foundation\\Application.php(819): Illuminate\\Container\\Container->call(Array)
#18 C:\\xampp\\htdocs\\surat\\vendor\\laravel\\framework\\src\\Illuminate\\Foundation\\Application.php(802): Illuminate\\Foundation\\Application->bootProvider(Object(Carbon\\Laravel\\ServiceProvider))
#19 [internal function]: Illuminate\\Foundation\\Application->Illuminate\\Foundation\\{closure}(Object(Carbon\\Laravel\\ServiceProvider), 18)
#20 C:\\xampp\\htdocs\\surat\\vendor\\laravel\\framework\\src\\Illuminate\\Foundation\\Application.php(803): array_walk(Array, Object(Closure))
#21 C:\\xampp\\htdocs\\surat\\vendor\\laravel\\framework\\src\\Illuminate\\Foundation\\Bootstrap\\BootProviders.php(17): Illuminate\\Foundation\\Application->boot()
#22 C:\\xampp\\htdocs\\surat\\vendor\\laravel\\framework\\src\\Illuminate\\Foundation\\Application.php(211): Illuminate\\Foundation\\Bootstrap\\BootProviders->bootstrap(Object(Illuminate\\Foundation\\Application))
#23 C:\\xampp\\htdocs\\surat\\vendor\\laravel\\framework\\src\\Illuminate\\Foundation\\Console\\Kernel.php(297): Illuminate\\Foundation\\Application->bootstrapWith(Array)
#24 C:\\xampp\\htdocs\\surat\\vendor\\laravel\\framework\\src\\Illuminate\\Foundation\\Console\\Kernel.php(120): Illuminate\\Foundation\\Console\\Kernel->bootstrap()
#25 C:\\xampp\\htdocs\\surat\\artisan(37): Illuminate\\Foundation\\Console\\Kernel->handle(Object(Symfony\\Component\\Console\\Input\\ArgvInput), Object(Symfony\\Component\\Console\\Output\\ConsoleOutput))
#26 {main}
"} 
[2020-12-25 11:20:42] local.ERROR: include(C:\xampp\htdocs\surat\vendor\composer/../symfony/translation/Translator.php): failed to open stream: No such file or directory {"exception":"[object] (ErrorException(code: 0): include(C:\\xampp\\htdocs\\surat\\vendor\\composer/../symfony/translation/Translator.php): failed to open stream: No such file or directory at C:\\xampp\\htdocs\\surat\\vendor\\composer\\ClassLoader.php:444)
[stacktrace]
#0 C:\\xampp\\htdocs\\surat\\vendor\\composer\\ClassLoader.php(444): Illuminate\\Foundation\\Bootstrap\\HandleExceptions->handleError(2, 'include(C:\\\\xamp...', 'C:\\\\xampp\\\\htdocs...', 444, Array)
#1 C:\\xampp\\htdocs\\surat\\vendor\\composer\\ClassLoader.php(444): include()
#2 C:\\xampp\\htdocs\\surat\\vendor\\composer\\ClassLoader.php(322): Composer\\Autoload\\includeFile('C:\\\\xampp\\\\htdocs...')
#3 [internal function]: Composer\\Autoload\\ClassLoader->loadClass('Symfony\\\\Compone...')
#4 C:\\xampp\\htdocs\\surat\\vendor\
esbot\\carbon\\src\\Carbon\\Translator.php(7): spl_autoload_call('Symfony\\\\Compone...')
#5 C:\\xampp\\htdocs\\surat\\vendor\\composer\\ClassLoader.php(444): include('C:\\\\xampp\\\\htdocs...')
#6 C:\\xampp\\htdocs\\surat\\vendor\\composer\\ClassLoader.php(322): Composer\\Autoload\\includeFile('C:\\\\xampp\\\\htdocs...')
#7 [internal function]: Composer\\Autoload\\ClassLoader->loadClass('Carbon\\\\Translat...')
#8 C:\\xampp\\htdocs\\surat\\vendor\
esbot\\carbon\\src\\Carbon\\Carbon.php(1632): spl_autoload_call('Carbon\\\\Translat...')
#9 C:\\xampp\\htdocs\\surat\\vendor\
esbot\\carbon\\src\\Carbon\\Carbon.php(1679): Carbon\\Carbon::translator()
#10 C:\\xampp\\htdocs\\surat\\vendor\
esbot\\carbon\\src\\Carbon\\Laravel\\ServiceProvider.php(29): Carbon\\Carbon::setLocale('en')
#11 C:\\xampp\\htdocs\\surat\\vendor\
esbot\\carbon\\src\\Carbon\\Laravel\\ServiceProvider.php(21): Carbon\\Laravel\\ServiceProvider->updateLocale()
#12 [internal function]: Carbon\\Laravel\\ServiceProvider->boot()
#13 C:\\xampp\\htdocs\\surat\\vendor\\laravel\\framework\\src\\Illuminate\\Container\\BoundMethod.php(29): call_user_func_array(Array, Array)
#14 C:\\xampp\\htdocs\\surat\\vendor\\laravel\\framework\\src\\Illuminate\\Container\\BoundMethod.php(87): Illuminate\\Container\\BoundMethod::Illuminate\\Container\\{closure}()
#15 C:\\xampp\\htdocs\\surat\\vendor\\laravel\\framework\\src\\Illuminate\\Container\\BoundMethod.php(31): Illuminate\\Container\\BoundMethod::callBoundMethod(Object(Illuminate\\Foundation\\Application), Array, Object(Closure))
#16 C:\\xampp\\htdocs\\surat\\vendor\\laravel\\framework\\src\\Illuminate\\Container\\Container.php(572): Illuminate\\Container\\BoundMethod::call(Object(Illuminate\\Foundation\\Application), Array, Array, NULL)
#17 C:\\xampp\\htdocs\\surat\\vendor\\laravel\\framework\\src\\Illuminate\\Foundation\\Application.php(819): Illuminate\\Container\\Container->call(Array)
#18 C:\\xampp\\htdocs\\surat\\vendor\\laravel\\framework\\src\\Illuminate\\Foundation\\Application.php(802): Illuminate\\Foundation\\Application->bootProvider(Object(Carbon\\Laravel\\ServiceProvider))
#19 [internal function]: Illuminate\\Foundation\\Application->Illuminate\\Foundation\\{closure}(Object(Carbon\\Laravel\\ServiceProvider), 18)
#20 C:\\xampp\\htdocs\\surat\\vendor\\laravel\\framework\\src\\Illuminate\\Foundation\\Application.php(803): array_walk(Array, Object(Closure))
#21 C:\\xampp\\htdocs\\surat\\vendor\\laravel\\framework\\src\\Illuminate\\Foundation\\Bootstrap\\BootProviders.php(17): Illuminate\\Foundation\\Application->boot()
#22 C:\\xampp\\htdocs\\surat\\vendor\\laravel\\framework\\src\\Illuminate\\Foundation\\Application.php(211): Illuminate\\Foundation\\Bootstrap\\BootProviders->bootstrap(Object(Illuminate\\Foundation\\Application))
#23 C:\\xampp\\htdocs\\surat\\vendor\\laravel\\framework\\src\\Illuminate\\Foundation\\Console\\Kernel.php(297): Illuminate\\Foundation\\Application->bootstrapWith(Array)
#24 C:\\xampp\\htdocs\\surat\\vendor\\laravel\\framework\\src\\Illuminate\\Foundation\\Console\\Kernel.php(120): Illuminate\\Foundation\\Console\\Kernel->bootstrap()
#25 C:\\xampp\\htdocs\\surat\\artisan(37): Illuminate\\Foundation\\Console\\Kernel->handle(Object(Symfony\\Component\\Console\\Input\\ArgvInput), Object(Symfony\\Component\\Console\\Output\\ConsoleOutput))
#26 {main}
"} 
[2020-12-25 11:21:31] local.ERROR: include(C:\xampp\htdocs\surat\vendor\composer/../symfony/translation/Translator.php): failed to open stream: No such file or directory {"exception":"[object] (ErrorException(code: 0): include(C:\\xampp\\htdocs\\surat\\vendor\\composer/../symfony/translation/Translator.php): failed to open stream: No such file or directory at C:\\xampp\\htdocs\\surat\\vendor\\composer\\ClassLoader.php:444)
[stacktrace]
#0 C:\\xampp\\htdocs\\surat\\vendor\\composer\\ClassLoader.php(444): Illuminate\\Foundation\\Bootstrap\\HandleExceptions->handleError(2, 'include(C:\\\\xamp...', 'C:\\\\xampp\\\\htdocs...', 444, Array)
#1 C:\\xampp\\htdocs\\surat\\vendor\\composer\\ClassLoader.php(444): include()
#2 C:\\xampp\\htdocs\\surat\\vendor\\composer\\ClassLoader.php(322): Composer\\Autoload\\includeFile('C:\\\\xampp\\\\htdocs...')
#3 [internal function]: Composer\\Autoload\\ClassLoader->loadClass('Symfony\\\\Compone...')
#4 C:\\xampp\\htdocs\\surat\\vendor\
esbot\\carbon\\src\\Carbon\\Translator.php(7): spl_autoload_call('Symfony\\\\Compone...')
#5 C:\\xampp\\htdocs\\surat\\vendor\\composer\\ClassLoader.php(444): include('C:\\\\xampp\\\\htdocs...')
#6 C:\\xampp\\htdocs\\surat\\vendor\\composer\\ClassLoader.php(322): Composer\\Autoload\\includeFile('C:\\\\xampp\\\\htdocs...')
#7 [internal function]: Composer\\Autoload\\ClassLoader->loadClass('Carbon\\\\Translat...')
#8 C:\\xampp\\htdocs\\surat\\vendor\
esbot\\carbon\\src\\Carbon\\Carbon.php(1632): spl_autoload_call('Carbon\\\\Translat...')
#9 C:\\xampp\\htdocs\\surat\\vendor\
esbot\\carbon\\src\\Carbon\\Carbon.php(1679): Carbon\\Carbon::translator()
#10 C:\\xampp\\htdocs\\surat\\vendor\
esbot\\carbon\\src\\Carbon\\Laravel\\ServiceProvider.php(29): Carbon\\Carbon::setLocale('en')
#11 C:\\xampp\\htdocs\\surat\\vendor\
esbot\\carbon\\src\\Carbon\\Laravel\\ServiceProvider.php(21): Carbon\\Laravel\\ServiceProvider->updateLocale()
#12 [internal function]: Carbon\\Laravel\\ServiceProvider->boot()
#13 C:\\xampp\\htdocs\\surat\\vendor\\laravel\\framework\\src\\Illuminate\\Container\\BoundMethod.php(29): call_user_func_array(Array, Array)
#14 C:\\xampp\\htdocs\\surat\\vendor\\laravel\\framework\\src\\Illuminate\\Container\\BoundMethod.php(87): Illuminate\\Container\\BoundMethod::Illuminate\\Container\\{closure}()
#15 C:\\xampp\\htdocs\\surat\\vendor\\laravel\\framework\\src\\Illuminate\\Container\\BoundMethod.php(31): Illuminate\\Container\\BoundMethod::callBoundMethod(Object(Illuminate\\Foundation\\Application), Array, Object(Closure))
#16 C:\\xampp\\htdocs\\surat\\vendor\\laravel\\framework\\src\\Illuminate\\Container\\Container.php(572): Illuminate\\Container\\BoundMethod::call(Object(Illuminate\\Foundation\\Application), Array, Array, NULL)
#17 C:\\xampp\\htdocs\\surat\\vendor\\laravel\\framework\\src\\Illuminate\\Foundation\\Application.php(819): Illuminate\\Container\\Container->call(Array)
#18 C:\\xampp\\htdocs\\surat\\vendor\\laravel\\framework\\src\\Illuminate\\Foundation\\Application.php(802): Illuminate\\Foundation\\Application->bootProvider(Object(Carbon\\Laravel\\ServiceProvider))
#19 [internal function]: Illuminate\\Foundation\\Application->Illuminate\\Foundation\\{closure}(Object(Carbon\\Laravel\\ServiceProvider), 18)
#20 C:\\xampp\\htdocs\\surat\\vendor\\laravel\\framework\\src\\Illuminate\\Foundation\\Application.php(803): array_walk(Array, Object(Closure))
#21 C:\\xampp\\htdocs\\surat\\vendor\\laravel\\framework\\src\\Illuminate\\Foundation\\Bootstrap\\BootProviders.php(17): Illuminate\\Foundation\\Application->boot()
#22 C:\\xampp\\htdocs\\surat\\vendor\\laravel\\framework\\src\\Illuminate\\Foundation\\Application.php(211): Illuminate\\Foundation\\Bootstrap\\BootProviders->bootstrap(Object(Illuminate\\Foundation\\Application))
#23 C:\\xampp\\htdocs\\surat\\vendor\\laravel\\framework\\src\\Illuminate\\Foundation\\Http\\Kernel.php(162): Illuminate\\Foundation\\Application->bootstrapWith(Array)
#24 C:\\xampp\\htdocs\\surat\\vendor\\laravel\\framework\\src\\Illuminate\\Foundation\\Http\\Kernel.php(146): Illuminate\\Foundation\\Http\\Kernel->bootstrap()
#25 C:\\xampp\\htdocs\\surat\\vendor\\laravel\\framework\\src\\Illuminate\\Foundation\\Http\\Kernel.php(116): Illuminate\\Foundation\\Http\\Kernel->sendRequestThroughRouter(Object(Illuminate\\Http\\Request))
#26 C:\\xampp\\htdocs\\surat\\public\\index.php(55): Illuminate\\Foundation\\Http\\Kernel->handle(Object(Illuminate\\Http\\Request))
#27 {main}
"} 
[2020-12-25 11:22:06] local.ERROR: include(C:\xampp\htdocs\surat\vendor\composer/../symfony/translation/Translator.php): failed to open stream: No such file or directory {"exception":"[object] (ErrorException(code: 0): include(C:\\xampp\\htdocs\\surat\\vendor\\composer/../symfony/translation/Translator.php): failed to open stream: No such file or directory at C:\\xampp\\htdocs\\surat\\vendor\\composer\\ClassLoader.php:444)
[stacktrace]
#0 C:\\xampp\\htdocs\\surat\\vendor\\composer\\ClassLoader.php(444): Illuminate\\Foundation\\Bootstrap\\HandleExceptions->handleError(2, 'include(C:\\\\xamp...', 'C:\\\\xampp\\\\htdocs...', 444, Array)
#1 C:\\xampp\\htdocs\\surat\\vendor\\composer\\ClassLoader.php(444): include()
#2 C:\\xampp\\htdocs\\surat\\vendor\\composer\\ClassLoader.php(322): Composer\\Autoload\\includeFile('C:\\\\xampp\\\\htdocs...')
#3 [internal function]: Composer\\Autoload\\ClassLoader->loadClass('Symfony\\\\Compone...')
#4 C:\\xampp\\htdocs\\surat\\vendor\
esbot\\carbon\\src\\Carbon\\Translator.php(7): spl_autoload_call('Symfony\\\\Compone...')
#5 C:\\xampp\\htdocs\\surat\\vendor\\composer\\ClassLoader.php(444): include('C:\\\\xampp\\\\htdocs...')
#6 C:\\xampp\\htdocs\\surat\\vendor\\composer\\ClassLoader.php(322): Composer\\Autoload\\includeFile('C:\\\\xampp\\\\htdocs...')
#7 [internal function]: Composer\\Autoload\\ClassLoader->loadClass('Carbon\\\\Translat...')
#8 C:\\xampp\\htdocs\\surat\\vendor\
esbot\\carbon\\src\\Carbon\\Carbon.php(1632): spl_autoload_call('Carbon\\\\Translat...')
#9 C:\\xampp\\htdocs\\surat\\vendor\
esbot\\carbon\\src\\Carbon\\Carbon.php(1679): Carbon\\Carbon::translator()
#10 C:\\xampp\\htdocs\\surat\\vendor\
esbot\\carbon\\src\\Carbon\\Laravel\\ServiceProvider.php(29): Carbon\\Carbon::setLocale('en')
#11 C:\\xampp\\htdocs\\surat\\vendor\
esbot\\carbon\\src\\Carbon\\Laravel\\ServiceProvider.php(21): Carbon\\Laravel\\ServiceProvider->updateLocale()
#12 [internal function]: Carbon\\Laravel\\ServiceProvider->boot()
#13 C:\\xampp\\htdocs\\surat\\vendor\\laravel\\framework\\src\\Illuminate\\Container\\BoundMethod.php(29): call_user_func_array(Array, Array)
#14 C:\\xampp\\htdocs\\surat\\vendor\\laravel\\framework\\src\\Illuminate\\Container\\BoundMethod.php(87): Illuminate\\Container\\BoundMethod::Illuminate\\Container\\{closure}()
#15 C:\\xampp\\htdocs\\surat\\vendor\\laravel\\framework\\src\\Illuminate\\Container\\BoundMethod.php(31): Illuminate\\Container\\BoundMethod::callBoundMethod(Object(Illuminate\\Foundation\\Application), Array, Object(Closure))
#16 C:\\xampp\\htdocs\\surat\\vendor\\laravel\\framework\\src\\Illuminate\\Container\\Container.php(572): Illuminate\\Container\\BoundMethod::call(Object(Illuminate\\Foundation\\Application), Array, Array, NULL)
#17 C:\\xampp\\htdocs\\surat\\vendor\\laravel\\framework\\src\\Illuminate\\Foundation\\Application.php(819): Illuminate\\Container\\Container->call(Array)
#18 C:\\xampp\\htdocs\\surat\\vendor\\laravel\\framework\\src\\Illuminate\\Foundation\\Application.php(802): Illuminate\\Foundation\\Application->bootProvider(Object(Carbon\\Laravel\\ServiceProvider))
#19 [internal function]: Illuminate\\Foundation\\Application->Illuminate\\Foundation\\{closure}(Object(Carbon\\Laravel\\ServiceProvider), 18)
#20 C:\\xampp\\htdocs\\surat\\vendor\\laravel\\framework\\src\\Illuminate\\Foundation\\Application.php(803): array_walk(Array, Object(Closure))
#21 C:\\xampp\\htdocs\\surat\\vendor\\laravel\\framework\\src\\Illuminate\\Foundation\\Bootstrap\\BootProviders.php(17): Illuminate\\Foundation\\Application->boot()
#22 C:\\xampp\\htdocs\\surat\\vendor\\laravel\\framework\\src\\Illuminate\\Foundation\\Application.php(211): Illuminate\\Foundation\\Bootstrap\\BootProviders->bootstrap(Object(Illuminate\\Foundation\\Application))
#23 C:\\xampp\\htdocs\\surat\\vendor\\laravel\\framework\\src\\Illuminate\\Foundation\\Console\\Kernel.php(297): Illuminate\\Foundation\\Application->bootstrapWith(Array)
#24 C:\\xampp\\htdocs\\surat\\vendor\\laravel\\framework\\src\\Illuminate\\Foundation\\Console\\Kernel.php(120): Illuminate\\Foundation\\Console\\Kernel->bootstrap()
#25 C:\\xampp\\htdocs\\surat\\artisan(37): Illuminate\\Foundation\\Console\\Kernel->handle(Object(Symfony\\Component\\Console\\Input\\ArgvInput), Object(Symfony\\Component\\Console\\Output\\ConsoleOutput))
#26 {main}
"} 
[2020-12-25 11:25:15] local.ERROR: Class 'Symfony\Component\Translation\Translator' not found {"exception":"[object] (Symfony\\Component\\Debug\\Exception\\FatalErrorException(code: 1): Class 'Symfony\\Component\\Translation\\Translator' not found at C:\\xampp\\htdocs\\surat\\vendor\
esbot\\carbon\\src\\Carbon\\Translator.php:7)
[stacktrace]
#0 {main}
"} 
[2020-12-25 11:25:53] local.ERROR: Class 'Symfony\Component\Translation\Translator' not found {"exception":"[object] (Symfony\\Component\\Debug\\Exception\\FatalErrorException(code: 1): Class 'Symfony\\Component\\Translation\\Translator' not found at C:\\xampp\\htdocs\\surat\\vendor\
esbot\\carbon\\src\\Carbon\\Translator.php:7)
[stacktrace]
#0 {main}
"} 
[2020-12-25 11:27:10] local.ERROR: Class 'Symfony\Component\Translation\Translator' not found {"exception":"[object] (Symfony\\Component\\Debug\\Exception\\FatalErrorException(code: 1): Class 'Symfony\\Component\\Translation\\Translator' not found at C:\\xampp\\htdocs\\surat\\vendor\
esbot\\carbon\\src\\Carbon\\Translator.php:7)
[stacktrace]
#0 {main}
"} 
[2020-12-25 11:51:19] local.ERROR: Class 'Symfony\Component\Translation\Translator' not found {"exception":"[object] (Symfony\\Component\\Debug\\Exception\\FatalErrorException(code: 1): Class 'Symfony\\Component\\Translation\\Translator' not found at C:\\xampp\\htdocs\\surat\\vendor\
esbot\\carbon\\src\\Carbon\\Translator.php:7)
[stacktrace]
#0 {main}
"} 
[2020-12-25 11:51:58] local.ERROR: Class 'Symfony\Component\Translation\Translator' not found {"exception":"[object] (Symfony\\Component\\Debug\\Exception\\FatalErrorException(code: 1): Class 'Symfony\\Component\\Translation\\Translator' not found at C:\\xampp\\htdocs\\surat\\vendor\
esbot\\carbon\\src\\Carbon\\Translator.php:7)
[stacktrace]
#0 {main}
"} 
[2020-12-25 11:53:49] local.ERROR: Class 'Symfony\Component\Translation\Translator' not found {"exception":"[object] (Symfony\\Component\\Debug\\Exception\\FatalErrorException(code: 1): Class 'Symfony\\Component\\Translation\\Translator' not found at C:\\xampp\\htdocs\\surat\\vendor\
esbot\\carbon\\src\\Carbon\\Translator.php:7)
[stacktrace]
#0 {main}
"} 
[2020-12-25 11:58:15] local.ERROR: Class 'Symfony\Component\Translation\Translator' not found {"exception":"[object] (Symfony\\Component\\Debug\\Exception\\FatalErrorException(code: 1): Class 'Symfony\\Component\\Translation\\Translator' not found at C:\\xampp\\htdocs\\surat\\vendor\
esbot\\carbon\\src\\Carbon\\Translator.php:7)
[stacktrace]
#0 {main}
"} 
[2020-12-25 11:58:40] local.ERROR: Class 'Symfony\Component\Translation\Translator' not found {"exception":"[object] (Symfony\\Component\\Debug\\Exception\\FatalErrorException(code: 1): Class 'Symfony\\Component\\Translation\\Translator' not found at C:\\xampp\\htdocs\\surat\\vendor\
esbot\\carbon\\src\\Carbon\\Translator.php:7)
[stacktrace]
#0 {main}
"} 
[2020-12-25 12:01:30] local.ERROR: Class 'Symfony\Component\Translation\Translator' not found {"exception":"[object] (Symfony\\Component\\Debug\\Exception\\FatalErrorException(code: 1): Class 'Symfony\\Component\\Translation\\Translator' not found at C:\\xampp\\htdocs\\surat\\vendor\
esbot\\carbon\\src\\Carbon\\Translator.php:7)
[stacktrace]
#0 {main}
"} 
[2020-12-25 12:09:37] local.ERROR: Class 'Symfony\Component\Translation\Translator' not found {"exception":"[object] (Symfony\\Component\\Debug\\Exception\\FatalErrorException(code: 1): Class 'Symfony\\Component\\Translation\\Translator' not found at C:\\xampp\\htdocs\\surat\\vendor\
esbot\\carbon\\src\\Carbon\\Translator.php:7)
[stacktrace]
#0 {main}
"} 
[2020-12-25 12:10:51] local.ERROR: Class 'Symfony\Component\Translation\Translator' not found {"exception":"[object] (Symfony\\Component\\Debug\\Exception\\FatalErrorException(code: 1): Class 'Symfony\\Component\\Translation\\Translator' not found at C:\\xampp\\htdocs\\surat\\vendor\
esbot\\carbon\\src\\Carbon\\Translator.php:7)
[stacktrace]
#0 {main}
"} 
[2020-12-25 12:28:50] local.ERROR: Class 'Symfony\Component\Translation\Translator' not found {"exception":"[object] (Symfony\\Component\\Debug\\Exception\\FatalErrorException(code: 1): Class 'Symfony\\Component\\Translation\\Translator' not found at C:\\xampp\\htdocs\\surat\\vendor\
esbot\\carbon\\src\\Carbon\\Translator.php:7)
[stacktrace]
#0 {main}
"} 
[2020-12-25 12:32:19] local.ERROR: Class 'Symfony\Component\Translation\Translator' not found {"exception":"[object] (Symfony\\Component\\Debug\\Exception\\FatalErrorException(code: 1): Class 'Symfony\\Component\\Translation\\Translator' not found at C:\\xampp\\htdocs\\surat\\vendor\
esbot\\carbon\\src\\Carbon\\Translator.php:7)
[stacktrace]
#0 {main}
"} 
[2020-12-25 12:33:23] local.ERROR: Class 'Symfony\Component\Translation\Translator' not found {"exception":"[object] (Symfony\\Component\\Debug\\Exception\\FatalErrorException(code: 1): Class 'Symfony\\Component\\Translation\\Translator' not found at C:\\xampp\\htdocs\\surat\\vendor\
esbot\\carbon\\src\\Carbon\\Translator.php:7)
[stacktrace]
#0 {main}
"} 
